2025-03-15 16:36:31 {"login":"Pavel"}
2025-03-15 16:37:04 {"login":"Pavel"}
2025-03-15 16:37:36 {"login":"Pavel"}
2025-03-15 16:42:00 {"login":"Pavel"}
2025-03-15 16:45:13 {"login":"Pavel"}
2025-03-15 16:46:38 {"login":"Pavel"}
2025-03-15 16:47:25 {"login":"Pavel"}
2025-03-15 16:50:34 {"login":"Pavel"}
2025-03-15 17:05:48 {"login":"Pavel"}
2025-03-15 17:08:01 {"login":"Pavel"}
2025-03-15 17:08:06 {"login":"Pavel","password":"1","position":"Повар"}
2025-03-15 17:11:06 {"login":"Pavel","password":"1"}
2025-03-15 17:11:08 {"login":"Pavel","password":"1","position":"Повар"}
2025-03-15 17:12:47 {"login":"13","password":"12"}
2025-03-15 17:12:53 {"login":"13","password":"12","position":"Пирог"}
2025-03-23 07:27:30 {"login":"Pavel","password":"12345678"}
2025-03-23 07:29:00 {"login":"Garackevich_PS_22","password":"12345678"}
2025-03-23 07:29:06 {"login":"Garackevich_PS_22","password":"12345678","position":"Пирог"}
2025-03-23 07:29:07 {"login":"Garackevich_PS_22","password":"12345678","position":"Пирог"}
2025-03-23 07:29:08 {"login":"Garackevich_PS_22","password":"12345678","position":"Пирог"}
2025-03-23 07:29:09 {"login":"Garackevich_PS_22","password":"12345678","position":"Пирог"}
2025-03-23 07:29:42 {"login":"Garackevich_PS_22","password":"12345678","position":"Пирог"}
2025-03-23 07:29:48 {"login":"Pavel","password":"12345678"}
2025-03-23 07:41:37 {"login":"Pavel","password":"12345678"}
2025-03-23 07:41:39 {"login":"Pavel","password":"12345678","position":"Повар"}
2025-03-23 07:43:16 {"login":"Pavel","password":"12345678"}
